[debug] [2025-10-25T15:35:55.739Z] ----------------------------------------------------------------------
[debug] [2025-10-25T15:35:55.743Z] Command:       C:\Program Files\nodejs\node.exe C:\Users\aayus\AppData\Roaming\npm\node_modules\firebase-tools\lib\bin\firebase.js init
[debug] [2025-10-25T15:35:55.744Z] CLI Version:   14.12.0
[debug] [2025-10-25T15:35:55.744Z] Platform:      win32
[debug] [2025-10-25T15:35:55.745Z] Node Version:  v22.17.0
[debug] [2025-10-25T15:35:55.745Z] Time:          Sat Oct 25 2025 11:35:55 GMT-0400 (Eastern Daylight Time)
[debug] [2025-10-25T15:35:55.745Z] ----------------------------------------------------------------------
[debug] 
[debug] [2025-10-25T15:35:55.753Z] > command requires scopes: ["email","openid","https://www.googleapis.com/auth/cloudplatformprojects.readonly","https://www.googleapis.com/auth/firebase","https://www.googleapis.com/auth/cloud-platform"]
[debug] [2025-10-25T15:35:55.754Z] > authorizing via signed-in user (aayushpaul01@gmail.com)
[info] 
     ######## #### ########  ######## ########     ###     ######  ########
     ##        ##  ##     ## ##       ##     ##  ##   ##  ##       ##
     ######    ##  ########  ######   ########  #########  ######  ######
     ##        ##  ##    ##  ##       ##     ## ##     ##       ## ##
     ##       #### ##     ## ######## ########  ##     ##  ######  ########

You're about to initialize a Firebase project in this directory:

  C:\Users\aayus\OneDrive\Documents\Symptom AI\Symptom-AI

[info] 
=== Project Setup
[info] 
[info] First, let's associate this project directory with a Firebase project.
[info] You can create multiple project aliases by running firebase use --add, 
[info] but for now we'll just set up a default project.
[info] 
[info] i  If you want to create a project in a Google Cloud organization or folder, please use "firebase projects:create" instead, and return to this command when you've created the project. 
[debug] [2025-10-25T15:37:04.379Z] Checked if tokens are valid: true, expires at: 1761410135167
[debug] [2025-10-25T15:37:04.380Z] Checked if tokens are valid: true, expires at: 1761410135167
[debug] [2025-10-25T15:37:04.382Z] >>> [apiv2][query] POST https://firebase.googleapis.com/v1/projects:checkProjectId [none]
[debug] [2025-10-25T15:37:04.382Z] >>> [apiv2][body] POST https://firebase.googleapis.com/v1/projects:checkProjectId {"proposedId":"hack-ohio-symptom-ai"}
[debug] [2025-10-25T15:37:04.759Z] <<< [apiv2][status] POST https://firebase.googleapis.com/v1/projects:checkProjectId 200
[debug] [2025-10-25T15:37:04.759Z] <<< [apiv2][body] POST https://firebase.googleapis.com/v1/projects:checkProjectId {"projectIdStatus":"PROJECT_ID_AVAILABLE","suggestedProjectId":"hack-ohio-symptom-ai"}
[debug] [2025-10-25T15:37:06.327Z] Checked if tokens are valid: true, expires at: 1761410135167
[debug] [2025-10-25T15:37:06.328Z] Checked if tokens are valid: true, expires at: 1761410135167
[debug] [2025-10-25T15:37:06.328Z] >>> [apiv2][query] POST https://cloudresourcemanager.googleapis.com/v1/projects [none]
[debug] [2025-10-25T15:37:06.328Z] >>> [apiv2][body] POST https://cloudresourcemanager.googleapis.com/v1/projects {"projectId":"hack-ohio-symptom-ai","name":"hack-ohio-symptom-ai"}
[debug] [2025-10-25T15:37:06.598Z] <<< [apiv2][status] POST https://cloudresourcemanager.googleapis.com/v1/projects 200
[debug] [2025-10-25T15:37:06.598Z] <<< [apiv2][body] POST https://cloudresourcemanager.googleapis.com/v1/projects {"name":"operations/create_project.global.5080558195256372827"}
[debug] [2025-10-25T15:37:06.599Z] Checked if tokens are valid: true, expires at: 1761410135167
[debug] [2025-10-25T15:37:06.599Z] Checked if tokens are valid: true, expires at: 1761410135167
[debug] [2025-10-25T15:37:06.600Z] >>> [apiv2][query] GET https://cloudresourcemanager.googleapis.com/v1/operations/create_project.global.5080558195256372827 [none]
[debug] [2025-10-25T15:37:06.792Z] <<< [apiv2][status] GET https://cloudresourcemanager.googleapis.com/v1/operations/create_project.global.5080558195256372827 200
[debug] [2025-10-25T15:37:06.792Z] <<< [apiv2][body] GET https://cloudresourcemanager.googleapis.com/v1/operations/create_project.global.5080558195256372827 {"name":"operations/create_project.global.5080558195256372827"}
[debug] [2025-10-25T15:37:07.304Z] [Project Creation Poller] Retrying task index 0
[debug] [2025-10-25T15:37:07.304Z] Checked if tokens are valid: true, expires at: 1761410135167
[debug] [2025-10-25T15:37:07.304Z] Checked if tokens are valid: true, expires at: 1761410135167
[debug] [2025-10-25T15:37:07.305Z] >>> [apiv2][query] GET https://cloudresourcemanager.googleapis.com/v1/operations/create_project.global.5080558195256372827 [none]
[debug] [2025-10-25T15:37:07.368Z] <<< [apiv2][status] GET https://cloudresourcemanager.googleapis.com/v1/operations/create_project.global.5080558195256372827 200
[debug] [2025-10-25T15:37:07.369Z] <<< [apiv2][body] GET https://cloudresourcemanager.googleapis.com/v1/operations/create_project.global.5080558195256372827 {"name":"operations/create_project.global.5080558195256372827"}
[debug] [2025-10-25T15:37:08.382Z] [Project Creation Poller] Retrying task index 0
[debug] [2025-10-25T15:37:08.383Z] Checked if tokens are valid: true, expires at: 1761410135167
[debug] [2025-10-25T15:37:08.383Z] Checked if tokens are valid: true, expires at: 1761410135167
[debug] [2025-10-25T15:37:08.383Z] >>> [apiv2][query] GET https://cloudresourcemanager.googleapis.com/v1/operations/create_project.global.5080558195256372827 [none]
[debug] [2025-10-25T15:37:08.449Z] <<< [apiv2][status] GET https://cloudresourcemanager.googleapis.com/v1/operations/create_project.global.5080558195256372827 200
[debug] [2025-10-25T15:37:08.449Z] <<< [apiv2][body] GET https://cloudresourcemanager.googleapis.com/v1/operations/create_project.global.5080558195256372827 {"name":"operations/create_project.global.5080558195256372827","metadata":{"@type":"type.googleapis.com/google.cloudresourcemanager.v1.ProjectCreationStatus","gettable":true,"ready":true},"done":true,"response":{"@type":"type.googleapis.com/google.cloudresourcemanager.v1.Project","projectNumber":"1029512619949","projectId":"hack-ohio-symptom-ai","lifecycleState":"ACTIVE","name":"hack-ohio-symptom-ai","createTime":"2025-10-25T15:37:07.405581Z"}}
[debug] [2025-10-25T15:37:08.452Z] Checked if tokens are valid: true, expires at: 1761410135167
[debug] [2025-10-25T15:37:08.452Z] Checked if tokens are valid: true, expires at: 1761410135167
[debug] [2025-10-25T15:37:08.453Z] >>> [apiv2][query] POST https://firebase.googleapis.com/v1beta1/projects/hack-ohio-symptom-ai:addFirebase [none]
[debug] [2025-10-25T15:37:10.077Z] <<< [apiv2][status] POST https://firebase.googleapis.com/v1beta1/projects/hack-ohio-symptom-ai:addFirebase 200
[debug] [2025-10-25T15:37:10.077Z] <<< [apiv2][body] POST https://firebase.googleapis.com/v1beta1/projects/hack-ohio-symptom-ai:addFirebase {"name":"operations/workflows/YjRlMTNkZWMtYzdhNi00NjlhLWI4YTMtNTdlMGMyYTU5NGJi"}
[debug] [2025-10-25T15:37:10.078Z] Checked if tokens are valid: true, expires at: 1761410135167
[debug] [2025-10-25T15:37:10.078Z] Checked if tokens are valid: true, expires at: 1761410135167
[debug] [2025-10-25T15:37:10.078Z] >>> [apiv2][query] GET https://firebase.googleapis.com/v1beta1/operations/workflows/YjRlMTNkZWMtYzdhNi00NjlhLWI4YTMtNTdlMGMyYTU5NGJi [none]
[debug] [2025-10-25T15:37:12.768Z] <<< [apiv2][status] GET https://firebase.googleapis.com/v1beta1/operations/workflows/YjRlMTNkZWMtYzdhNi00NjlhLWI4YTMtNTdlMGMyYTU5NGJi 200
[debug] [2025-10-25T15:37:12.768Z] <<< [apiv2][body] GET https://firebase.googleapis.com/v1beta1/operations/workflows/YjRlMTNkZWMtYzdhNi00NjlhLWI4YTMtNTdlMGMyYTU5NGJi {"name":"operations/workflows/YjRlMTNkZWMtYzdhNi00NjlhLWI4YTMtNTdlMGMyYTU5NGJi"}
[debug] [2025-10-25T15:37:13.274Z] [Add Firebase Poller] Retrying task index 0
[debug] [2025-10-25T15:37:13.274Z] Checked if tokens are valid: true, expires at: 1761410135167
[debug] [2025-10-25T15:37:13.274Z] Checked if tokens are valid: true, expires at: 1761410135167
[debug] [2025-10-25T15:37:13.274Z] >>> [apiv2][query] GET https://firebase.googleapis.com/v1beta1/operations/workflows/YjRlMTNkZWMtYzdhNi00NjlhLWI4YTMtNTdlMGMyYTU5NGJi [none]
[debug] [2025-10-25T15:37:13.660Z] <<< [apiv2][status] GET https://firebase.googleapis.com/v1beta1/operations/workflows/YjRlMTNkZWMtYzdhNi00NjlhLWI4YTMtNTdlMGMyYTU5NGJi 200
[debug] [2025-10-25T15:37:13.661Z] <<< [apiv2][body] GET https://firebase.googleapis.com/v1beta1/operations/workflows/YjRlMTNkZWMtYzdhNi00NjlhLWI4YTMtNTdlMGMyYTU5NGJi {"name":"operations/workflows/YjRlMTNkZWMtYzdhNi00NjlhLWI4YTMtNTdlMGMyYTU5NGJi"}
[debug] [2025-10-25T15:37:14.667Z] [Add Firebase Poller] Retrying task index 0
[debug] [2025-10-25T15:37:14.667Z] Checked if tokens are valid: true, expires at: 1761410135167
[debug] [2025-10-25T15:37:14.668Z] Checked if tokens are valid: true, expires at: 1761410135167
[debug] [2025-10-25T15:37:14.668Z] >>> [apiv2][query] GET https://firebase.googleapis.com/v1beta1/operations/workflows/YjRlMTNkZWMtYzdhNi00NjlhLWI4YTMtNTdlMGMyYTU5NGJi [none]
[debug] [2025-10-25T15:37:14.993Z] <<< [apiv2][status] GET https://firebase.googleapis.com/v1beta1/operations/workflows/YjRlMTNkZWMtYzdhNi00NjlhLWI4YTMtNTdlMGMyYTU5NGJi 200
[debug] [2025-10-25T15:37:14.993Z] <<< [apiv2][body] GET https://firebase.googleapis.com/v1beta1/operations/workflows/YjRlMTNkZWMtYzdhNi00NjlhLWI4YTMtNTdlMGMyYTU5NGJi {"name":"operations/workflows/YjRlMTNkZWMtYzdhNi00NjlhLWI4YTMtNTdlMGMyYTU5NGJi"}
[debug] [2025-10-25T15:37:17.004Z] [Add Firebase Poller] Retrying task index 0
[debug] [2025-10-25T15:37:17.005Z] Checked if tokens are valid: true, expires at: 1761410135167
[debug] [2025-10-25T15:37:17.005Z] Checked if tokens are valid: true, expires at: 1761410135167
[debug] [2025-10-25T15:37:17.005Z] >>> [apiv2][query] GET https://firebase.googleapis.com/v1beta1/operations/workflows/YjRlMTNkZWMtYzdhNi00NjlhLWI4YTMtNTdlMGMyYTU5NGJi [none]
[debug] [2025-10-25T15:37:17.463Z] <<< [apiv2][status] GET https://firebase.googleapis.com/v1beta1/operations/workflows/YjRlMTNkZWMtYzdhNi00NjlhLWI4YTMtNTdlMGMyYTU5NGJi 200
[debug] [2025-10-25T15:37:17.463Z] <<< [apiv2][body] GET https://firebase.googleapis.com/v1beta1/operations/workflows/YjRlMTNkZWMtYzdhNi00NjlhLWI4YTMtNTdlMGMyYTU5NGJi {"name":"operations/workflows/YjRlMTNkZWMtYzdhNi00NjlhLWI4YTMtNTdlMGMyYTU5NGJi","done":true,"response":{"@type":"type.googleapis.com/google.firebase.service.v1beta1.FirebaseProject","projectId":"hack-ohio-symptom-ai","projectNumber":"1029512619949","displayName":"hack-ohio-symptom-ai","name":"projects/hack-ohio-symptom-ai","resources":{"hostingSite":"hack-ohio-symptom-ai"}}}
[info] 
[info] === Your Firebase project is ready! ===
[info] 
[info] Project information:
[info]    - Project ID: hack-ohio-symptom-ai
[info]    - Project Name: hack-ohio-symptom-ai
[info] 
[info] Firebase console is available at
[info] https://console.firebase.google.com/project/hack-ohio-symptom-ai/overview
[info] i  Using project hack-ohio-symptom-ai (hack-ohio-symptom-ai) 
[info] 
=== Firestore Setup
[info] i  firestore: ensuring required API firestore.googleapis.com is enabled... 
[debug] [2025-10-25T15:37:17.550Z] Checked if tokens are valid: true, expires at: 1761410135167
[debug] [2025-10-25T15:37:17.551Z] Checked if tokens are valid: true, expires at: 1761410135167
[debug] [2025-10-25T15:37:17.551Z] >>> [apiv2][query] GET https://serviceusage.googleapis.com/v1/projects/hack-ohio-symptom-ai/services/firestore.googleapis.com [none]
[debug] [2025-10-25T15:37:17.551Z] >>> [apiv2][(partial)header] GET https://serviceusage.googleapis.com/v1/projects/hack-ohio-symptom-ai/services/firestore.googleapis.com x-goog-quota-user=projects/hack-ohio-symptom-ai
[debug] [2025-10-25T15:37:18.470Z] <<< [apiv2][status] GET https://serviceusage.googleapis.com/v1/projects/hack-ohio-symptom-ai/services/firestore.googleapis.com 200
[debug] [2025-10-25T15:37:18.470Z] <<< [apiv2][body] GET https://serviceusage.googleapis.com/v1/projects/hack-ohio-symptom-ai/services/firestore.googleapis.com [omitted]
[warn] !  firestore: missing required API firestore.googleapis.com. Enabling now... 
[debug] [2025-10-25T15:37:18.471Z] Checked if tokens are valid: true, expires at: 1761410135167
[debug] [2025-10-25T15:37:18.471Z] Checked if tokens are valid: true, expires at: 1761410135167
[debug] [2025-10-25T15:37:18.471Z] >>> [apiv2][query] POST https://serviceusage.googleapis.com/v1/projects/hack-ohio-symptom-ai/services/firestore.googleapis.com:enable [none]
[debug] [2025-10-25T15:37:18.471Z] >>> [apiv2][(partial)header] POST https://serviceusage.googleapis.com/v1/projects/hack-ohio-symptom-ai/services/firestore.googleapis.com:enable x-goog-quota-user=projects/hack-ohio-symptom-ai
[debug] [2025-10-25T15:37:19.089Z] <<< [apiv2][status] POST https://serviceusage.googleapis.com/v1/projects/hack-ohio-symptom-ai/services/firestore.googleapis.com:enable 200
[debug] [2025-10-25T15:37:19.089Z] <<< [apiv2][body] POST https://serviceusage.googleapis.com/v1/projects/hack-ohio-symptom-ai/services/firestore.googleapis.com:enable [omitted]
[debug] [2025-10-25T15:37:29.101Z] Checked if tokens are valid: true, expires at: 1761410135167
[debug] [2025-10-25T15:37:29.101Z] Checked if tokens are valid: true, expires at: 1761410135167
[debug] [2025-10-25T15:37:29.101Z] >>> [apiv2][query] GET https://firestore.googleapis.com/v1/projects/hack-ohio-symptom-ai/databases [none]
[debug] [2025-10-25T15:37:29.841Z] <<< [apiv2][status] GET https://firestore.googleapis.com/v1/projects/hack-ohio-symptom-ai/databases 200
[debug] [2025-10-25T15:37:29.841Z] <<< [apiv2][body] GET https://firestore.googleapis.com/v1/projects/hack-ohio-symptom-ai/databases {}
[debug] [2025-10-25T15:37:29.842Z] Checked if tokens are valid: true, expires at: 1761410135167
[debug] [2025-10-25T15:37:29.842Z] Checked if tokens are valid: true, expires at: 1761410135167
[debug] [2025-10-25T15:37:29.842Z] >>> [apiv2][query] GET https://firestore.googleapis.com/v1/projects/hack-ohio-symptom-ai/locations [none]
[debug] [2025-10-25T15:37:30.561Z] <<< [apiv2][status] GET https://firestore.googleapis.com/v1/projects/hack-ohio-symptom-ai/locations 200
[debug] [2025-10-25T15:37:30.561Z] <<< [apiv2][body] GET https://firestore.googleapis.com/v1/projects/hack-ohio-symptom-ai/locations {"locations":[{"name":"projects/hack-ohio-symptom-ai/locations/eur3","labels":{"appengine.googleapis.com/geo":"europe-west","cloud.googleapis.com/location":"eur3","cloud.googleapis.com/geo":"eur3"},"metadata":{"@type":"type.googleapis.com/google.firestore.admin.v1.LocationMetadata"},"locationId":"eur3","displayName":"Europe"},{"name":"projects/hack-ohio-symptom-ai/locations/nam5","labels":{"appengine.googleapis.com/geo":"us-central","cloud.googleapis.com/location":"nam5","cloud.googleapis.com/geo":"nam5"},"metadata":{"@type":"type.googleapis.com/google.firestore.admin.v1.LocationMetadata"},"locationId":"nam5","displayName":"United States"},{"name":"projects/hack-ohio-symptom-ai/locations/nam7","labels":{"cloud.googleapis.com/location":"nam7","cloud.googleapis.com/geo":"nam7"},"metadata":{"@type":"type.googleapis.com/google.firestore.admin.v1.LocationMetadata"},"locationId":"nam7","displayName":"United States"},{"name":"projects/hack-ohio-symptom-ai/locations/africa-south1","labels":{"cloud.googleapis.com/location":"africa-south1","cloud.googleapis.com/region":"africa-south1"},"metadata":{"@type":"type.googleapis.com/google.firestore.admin.v1.LocationMetadata"},"locationId":"africa-south1","displayName":"Johannesburg"},{"name":"projects/hack-ohio-symptom-ai/locations/asia-east1","labels":{"appengine.googleapis.com/region":"asia-east1","cloud.googleapis.com/location":"asia-east1","cloud.googleapis.com/region":"asia-east1"},"metadata":{"@type":"type.googleapis.com/google.firestore.admin.v1.LocationMetadata"},"locationId":"asia-east1","displayName":"Taiwan"},{"name":"projects/hack-ohio-symptom-ai/locations/asia-east2","labels":{"appengine.googleapis.com/region":"asia-east2","cloud.googleapis.com/location":"asia-east2","cloud.googleapis.com/region":"asia-east2"},"metadata":{"@type":"type.googleapis.com/google.firestore.admin.v1.LocationMetadata"},"locationId":"asia-east2","displayName":"Hong Kong"},{"name":"projects/hack-ohio-symptom-ai/locations/asia-northeast1","labels":{"appengine.googleapis.com/region":"asia-northeast1","cloud.googleapis.com/location":"asia-northeast1","cloud.googleapis.com/region":"asia-northeast1"},"metadata":{"@type":"type.googleapis.com/google.firestore.admin.v1.LocationMetadata"},"locationId":"asia-northeast1","displayName":"Tokyo"},{"name":"projects/hack-ohio-symptom-ai/locations/asia-northeast2","labels":{"appengine.googleapis.com/region":"asia-northeast2","cloud.googleapis.com/location":"asia-northeast2","cloud.googleapis.com/region":"asia-northeast2"},"metadata":{"@type":"type.googleapis.com/google.firestore.admin.v1.LocationMetadata"},"locationId":"asia-northeast2","displayName":"Osaka"},{"name":"projects/hack-ohio-symptom-ai/locations/asia-northeast3","labels":{"appengine.googleapis.com/region":"asia-northeast3","cloud.googleapis.com/location":"asia-northeast3","cloud.googleapis.com/region":"asia-northeast3"},"metadata":{"@type":"type.googleapis.com/google.firestore.admin.v1.LocationMetadata"},"locationId":"asia-northeast3","displayName":"Seoul"},{"name":"projects/hack-ohio-symptom-ai/locations/asia-south1","labels":{"appengine.googleapis.com/region":"asia-south1","cloud.googleapis.com/location":"asia-south1","cloud.googleapis.com/region":"asia-south1"},"metadata":{"@type":"type.googleapis.com/google.firestore.admin.v1.LocationMetadata"},"locationId":"asia-south1","displayName":"Mumbai"},{"name":"projects/hack-ohio-symptom-ai/locations/asia-south2","labels":{"cloud.googleapis.com/location":"asia-south2","cloud.googleapis.com/region":"asia-south2"},"metadata":{"@type":"type.googleapis.com/google.firestore.admin.v1.LocationMetadata"},"locationId":"asia-south2","displayName":"Delhi"},{"name":"projects/hack-ohio-symptom-ai/locations/asia-southeast1","labels":{"appengine.googleapis.com/region":"asia-southeast1","cloud.googleapis.com/location":"asia-southeast1","cloud.googleapis.com/region":"asia-southeast1"},"metadata":{"@type":"type.googleapis.com/google.firestore.admin.v1.LocationMetadata"},"locationId":"asia-southeast1","displayName":"Singapore"},{"name":"projects/hack-ohio-symptom-ai/locations/asia-southeast2","labels":{"appengine.googleapis.com/region":"asia-southeast2","cloud.googleapis.com/location":"asia-southeast2","cloud.googleapis.com/region":"asia-southeast2"},"metadata":{"@type":"type.googleapis.com/google.firestore.admin.v1.LocationMetadata"},"locationId":"asia-southeast2","displayName":"Jakarta"},{"name":"projects/hack-ohio-symptom-ai/locations/australia-southeast1","labels":{"appengine.googleapis.com/region":"australia-southeast1","cloud.googleapis.com/location":"australia-southeast1","cloud.googleapis.com/region":"australia-southeast1"},"metadata":{"@type":"type.googleapis.com/google.firestore.admin.v1.LocationMetadata"},"locationId":"australia-southeast1","displayName":"Sydney"},{"name":"projects/hack-ohio-symptom-ai/locations/australia-southeast2","labels":{"cloud.googleapis.com/location":"australia-southeast2","cloud.googleapis.com/region":"australia-southeast2"},"metadata":{"@type":"type.googleapis.com/google.firestore.admin.v1.LocationMetadata"},"locationId":"australia-southeast2","displayName":"Melbourne"},{"name":"projects/hack-ohio-symptom-ai/locations/europe-central2","labels":{"appengine.googleapis.com/region":"europe-central2","cloud.googleapis.com/location":"europe-central2","cloud.googleapis.com/region":"europe-central2"},"metadata":{"@type":"type.googleapis.com/google.firestore.admin.v1.LocationMetadata"},"locationId":"europe-central2","displayName":"Warsaw"},{"name":"projects/hack-ohio-symptom-ai/locations/europe-north1","labels":{"cloud.googleapis.com/location":"europe-north1","cloud.googleapis.com/region":"europe-north1"},"metadata":{"@type":"type.googleapis.com/google.firestore.admin.v1.LocationMetadata"},"locationId":"europe-north1","displayName":"Finland"},{"name":"projects/hack-ohio-symptom-ai/locations/europe-north2","labels":{"cloud.googleapis.com/location":"europe-north2","cloud.googleapis.com/region":"europe-north2"},"metadata":{"@type":"type.googleapis.com/google.firestore.admin.v1.LocationMetadata"},"locationId":"europe-north2","displayName":"Stockholm"},{"name":"projects/hack-ohio-symptom-ai/locations/europe-southwest1","labels":{"cloud.googleapis.com/location":"europe-southwest1","cloud.googleapis.com/region":"europe-southwest1"},"metadata":{"@type":"type.googleapis.com/google.firestore.admin.v1.LocationMetadata"},"locationId":"europe-southwest1","displayName":"Madrid"},{"name":"projects/hack-ohio-symptom-ai/locations/europe-west1","labels":{"cloud.googleapis.com/location":"europe-west1","cloud.googleapis.com/region":"europe-west1"},"metadata":{"@type":"type.googleapis.com/google.firestore.admin.v1.LocationMetadata"},"locationId":"europe-west1","displayName":"Belgium"},{"name":"projects/hack-ohio-symptom-ai/locations/europe-west10","labels":{"cloud.googleapis.com/location":"europe-west10","cloud.googleapis.com/region":"europe-west10"},"metadata":{"@type":"type.googleapis.com/google.firestore.admin.v1.LocationMetadata"},"locationId":"europe-west10","displayName":"Berlin"},{"name":"projects/hack-ohio-symptom-ai/locations/europe-west12","labels":{"cloud.googleapis.com/location":"europe-west12","cloud.googleapis.com/region":"europe-west12"},"metadata":{"@type":"type.googleapis.com/google.firestore.admin.v1.LocationMetadata"},"locationId":"europe-west12","displayName":"Turin"},{"name":"projects/hack-ohio-symptom-ai/locations/europe-west2","labels":{"appengine.googleapis.com/region":"europe-west2","cloud.googleapis.com/location":"europe-west2","cloud.googleapis.com/region":"europe-west2"},"metadata":{"@type":"type.googleapis.com/google.firestore.admin.v1.LocationMetadata"},"locationId":"europe-west2","displayName":"London"},{"name":"projects/hack-ohio-symptom-ai/locations/europe-west3","labels":{"appengine.googleapis.com/region":"europe-west3","cloud.googleapis.com/location":"europe-west3","cloud.googleapis.com/region":"europe-west3"},"metadata":{"@type":"type.googleapis.com/google.firestore.admin.v1.LocationMetadata"},"locationId":"europe-west3","displayName":"Frankfurt"},{"name":"projects/hack-ohio-symptom-ai/locations/europe-west4","labels":{"cloud.googleapis.com/location":"europe-west4","cloud.googleapis.com/region":"europe-west4"},"metadata":{"@type":"type.googleapis.com/google.firestore.admin.v1.LocationMetadata"},"locationId":"europe-west4","displayName":"Netherlands"},{"name":"projects/hack-ohio-symptom-ai/locations/europe-west6","labels":{"appengine.googleapis.com/region":"europe-west6","cloud.googleapis.com/location":"europe-west6","cloud.googleapis.com/region":"europe-west6"},"metadata":{"@type":"type.googleapis.com/google.firestore.admin.v1.LocationMetadata"},"locationId":"europe-west6","displayName":"Zurich"},{"name":"projects/hack-ohio-symptom-ai/locations/europe-west8","labels":{"cloud.googleapis.com/location":"europe-west8","cloud.googleapis.com/region":"europe-west8"},"metadata":{"@type":"type.googleapis.com/google.firestore.admin.v1.LocationMetadata"},"locationId":"europe-west8","displayName":"Milan"},{"name":"projects/hack-ohio-symptom-ai/locations/europe-west9","labels":{"cloud.googleapis.com/location":"europe-west9","cloud.googleapis.com/region":"europe-west9"},"metadata":{"@type":"type.googleapis.com/google.firestore.admin.v1.LocationMetadata"},"locationId":"europe-west9","displayName":"Paris"},{"name":"projects/hack-ohio-symptom-ai/locations/me-central1","labels":{"cloud.googleapis.com/location":"me-central1","cloud.googleapis.com/region":"me-central1"},"metadata":{"@type":"type.googleapis.com/google.firestore.admin.v1.LocationMetadata"},"locationId":"me-central1","displayName":"Doha"},{"name":"projects/hack-ohio-symptom-ai/locations/me-central2","labels":{"cloud.googleapis.com/location":"me-central2","cloud.googleapis.com/region":"me-central2"},"metadata":{"@type":"type.googleapis.com/google.firestore.admin.v1.LocationMetadata"},"locationId":"me-central2","displayName":"Dammam"},{"name":"projects/hack-ohio-symptom-ai/locations/me-west1","labels":{"cloud.googleapis.com/location":"me-west1","cloud.googleapis.com/region":"me-west1"},"metadata":{"@type":"type.googleapis.com/google.firestore.admin.v1.LocationMetadata"},"locationId":"me-west1","displayName":"Tel Aviv"},{"name":"projects/hack-ohio-symptom-ai/locations/northamerica-northeast1","labels":{"appengine.googleapis.com/region":"northamerica-northeast1","cloud.googleapis.com/location":"northamerica-northeast1","cloud.googleapis.com/region":"northamerica-northeast1"},"metadata":{"@type":"type.googleapis.com/google.firestore.admin.v1.LocationMetadata"},"locationId":"northamerica-northeast1","displayName":"Montréal"},{"name":"projects/hack-ohio-symptom-ai/locations/northamerica-northeast2","labels":{"cloud.googleapis.com/location":"northamerica-northeast2","cloud.googleapis.com/region":"northamerica-northeast2"},"metadata":{"@type":"type.googleapis.com/google.firestore.admin.v1.LocationMetadata"},"locationId":"northamerica-northeast2","displayName":"Toronto"},{"name":"projects/hack-ohio-symptom-ai/locations/northamerica-south1","labels":{"cloud.googleapis.com/location":"northamerica-south1","cloud.googleapis.com/region":"northamerica-south1"},"metadata":{"@type":"type.googleapis.com/google.firestore.admin.v1.LocationMetadata"},"locationId":"northamerica-south1","displayName":"Mexico"},{"name":"projects/hack-ohio-symptom-ai/locations/southamerica-east1","labels":{"appengine.googleapis.com/region":"southamerica-east1","cloud.googleapis.com/location":"southamerica-east1","cloud.googleapis.com/region":"southamerica-east1"},"metadata":{"@type":"type.googleapis.com/google.firestore.admin.v1.LocationMetadata"},"locationId":"southamerica-east1","displayName":"São Paulo"},{"name":"projects/hack-ohio-symptom-ai/locations/southamerica-west1","labels":{"cloud.googleapis.com/location":"southamerica-west1","cloud.googleapis.com/region":"southamerica-west1"},"metadata":{"@type":"type.googleapis.com/google.firestore.admin.v1.LocationMetadata"},"locationId":"southamerica-west1","displayName":"Santiago"},{"name":"projects/hack-ohio-symptom-ai/locations/us-central1","labels":{"cloud.googleapis.com/location":"us-central1","cloud.googleapis.com/region":"us-central1"},"metadata":{"@type":"type.googleapis.com/google.firestore.admin.v1.LocationMetadata"},"locationId":"us-central1","displayName":"Iowa"},{"name":"projects/hack-ohio-symptom-ai/locations/us-east1","labels":{"appengine.googleapis.com/region":"us-east1","cloud.googleapis.com/location":"us-east1","cloud.googleapis.com/region":"us-east1"},"metadata":{"@type":"type.googleapis.com/google.firestore.admin.v1.LocationMetadata"},"locationId":"us-east1","displayName":"South Carolina"},{"name":"projects/hack-ohio-symptom-ai/locations/us-east4","labels":{"appengine.googleapis.com/region":"us-east4","cloud.googleapis.com/location":"us-east4","cloud.googleapis.com/region":"us-east4"},"metadata":{"@type":"type.googleapis.com/google.firestore.admin.v1.LocationMetadata"},"locationId":"us-east4","displayName":"Northern Virginia"},{"name":"projects/hack-ohio-symptom-ai/locations/us-east5","labels":{"cloud.googleapis.com/location":"us-east5","cloud.googleapis.com/region":"us-east5"},"metadata":{"@type":"type.googleapis.com/google.firestore.admin.v1.LocationMetadata"},"locationId":"us-east5","displayName":"Columbus"},{"name":"projects/hack-ohio-symptom-ai/locations/us-south1","labels":{"cloud.googleapis.com/location":"us-south1","cloud.googleapis.com/region":"us-south1"},"metadata":{"@type":"type.googleapis.com/google.firestore.admin.v1.LocationMetadata"},"locationId":"us-south1","displayName":"Dallas"},{"name":"projects/hack-ohio-symptom-ai/locations/us-west1","labels":{"appengine.googleapis.com/region":"us-west1","cloud.googleapis.com/location":"us-west1","cloud.googleapis.com/region":"us-west1"},"metadata":{"@type":"type.googleapis.com/google.firestore.admin.v1.LocationMetadata"},"locationId":"us-west1","displayName":"Oregon"},{"name":"projects/hack-ohio-symptom-ai/locations/us-west2","labels":{"appengine.googleapis.com/region":"us-west2","cloud.googleapis.com/location":"us-west2","cloud.googleapis.com/region":"us-west2"},"metadata":{"@type":"type.googleapis.com/google.firestore.admin.v1.LocationMetadata"},"locationId":"us-west2","displayName":"Los Angeles"},{"name":"projects/hack-ohio-symptom-ai/locations/us-west3","labels":{"appengine.googleapis.com/region":"us-west3","cloud.googleapis.com/location":"us-west3","cloud.googleapis.com/region":"us-west3"},"metadata":{"@type":"type.googleapis.com/google.firestore.admin.v1.LocationMetadata"},"locationId":"us-west3","displayName":"Salt Lake City"},{"name":"projects/hack-ohio-symptom-ai/locations/us-west4","labels":{"appengine.googleapis.com/region":"us-west4","cloud.googleapis.com/location":"us-west4","cloud.googleapis.com/region":"us-west4"},"metadata":{"@type":"type.googleapis.com/google.firestore.admin.v1.LocationMetadata"},"locationId":"us-west4","displayName":"Las Vegas"}]}
[info] 
[info] Firestore Security Rules allow you to define how and when to allow
[info] requests. You can keep these rules in your project directory
[info] and publish them with firebase deploy.
[info] 
[debug] [2025-10-25T15:38:28.555Z] Checked if tokens are valid: true, expires at: 1761410135167
[debug] [2025-10-25T15:38:28.555Z] Checked if tokens are valid: true, expires at: 1761410135167
[debug] [2025-10-25T15:38:28.555Z] >>> [apiv2][query] GET https://firebaserules.googleapis.com/v1/projects/hack-ohio-symptom-ai/releases pageSize=10&pageToken=
[debug] [2025-10-25T15:38:28.717Z] <<< [apiv2][status] GET https://firebaserules.googleapis.com/v1/projects/hack-ohio-symptom-ai/releases 200
[debug] [2025-10-25T15:38:28.718Z] <<< [apiv2][body] GET https://firebaserules.googleapis.com/v1/projects/hack-ohio-symptom-ai/releases {}
[info] 
[info] Firestore indexes allow you to perform complex queries while
[info] maintaining performance that scales with the size of the result
[info] set. You can keep index definitions in your project directory
[info] and publish them with firebase deploy.
[info] 
[debug] [2025-10-25T15:38:36.682Z] Checked if tokens are valid: true, expires at: 1761410135167
[debug] [2025-10-25T15:38:36.682Z] Checked if tokens are valid: true, expires at: 1761410135167
[debug] [2025-10-25T15:38:36.682Z] Checked if tokens are valid: true, expires at: 1761410135167
[debug] [2025-10-25T15:38:36.682Z] Checked if tokens are valid: true, expires at: 1761410135167
[debug] [2025-10-25T15:38:36.683Z] >>> [apiv2][query] GET https://firestore.googleapis.com/v1/projects/hack-ohio-symptom-ai/databases/(default)/collectionGroups/-/indexes [none]
[debug] [2025-10-25T15:38:36.685Z] >>> [apiv2][query] GET https://firestore.googleapis.com/v1/projects/hack-ohio-symptom-ai/databases/(default)/collectionGroups/-/fields?filter=indexConfig.usesAncestorConfig=false OR ttlConfig:* [none]
[debug] [2025-10-25T15:38:36.915Z] <<< [apiv2][status] GET https://firestore.googleapis.com/v1/projects/hack-ohio-symptom-ai/databases/(default)/collectionGroups/-/fields?filter=indexConfig.usesAncestorConfig=false OR ttlConfig:* 404
[debug] [2025-10-25T15:38:36.916Z] <<< [apiv2][body] GET https://firestore.googleapis.com/v1/projects/hack-ohio-symptom-ai/databases/(default)/collectionGroups/-/fields?filter=indexConfig.usesAncestorConfig=false OR ttlConfig:* {"error":{"code":404,"message":"Project 'hack-ohio-symptom-ai' or database '(default)' does not exist.","status":"NOT_FOUND"}}
[info] +  Wrote firestore.rules 
[info] +  Wrote firestore.indexes.json 
[debug] [2025-10-25T15:38:36.932Z] <<< [apiv2][status] GET https://firestore.googleapis.com/v1/projects/hack-ohio-symptom-ai/databases/(default)/collectionGroups/-/indexes 404
[debug] [2025-10-25T15:38:36.932Z] <<< [apiv2][body] GET https://firestore.googleapis.com/v1/projects/hack-ohio-symptom-ai/databases/(default)/collectionGroups/-/indexes {"error":{"code":404,"message":"Project 'hack-ohio-symptom-ai' or database '(default)' does not exist.","status":"NOT_FOUND"}}
[info] 
=== Functions Setup
[debug] [2025-10-25T15:38:37.001Z] > command requires scopes: ["email","openid","https://www.googleapis.com/auth/cloudplatformprojects.readonly","https://www.googleapis.com/auth/firebase","https://www.googleapis.com/auth/cloud-platform"]
[debug] [2025-10-25T15:38:37.001Z] > authorizing via signed-in user (aayushpaul01@gmail.com)
[debug] [2025-10-25T15:38:37.001Z] [iam] checking project hack-ohio-symptom-ai for permissions ["firebase.projects.get"]
[debug] [2025-10-25T15:38:37.002Z] Checked if tokens are valid: true, expires at: 1761410135167
[debug] [2025-10-25T15:38:37.002Z] Checked if tokens are valid: true, expires at: 1761410135167
[debug] [2025-10-25T15:38:37.002Z] >>> [apiv2][query] POST https://cloudresourcemanager.googleapis.com/v1/projects/hack-ohio-symptom-ai:testIamPermissions [none]
[debug] [2025-10-25T15:38:37.002Z] >>> [apiv2][(partial)header] POST https://cloudresourcemanager.googleapis.com/v1/projects/hack-ohio-symptom-ai:testIamPermissions x-goog-quota-user=projects/hack-ohio-symptom-ai
[debug] [2025-10-25T15:38:37.002Z] >>> [apiv2][body] POST https://cloudresourcemanager.googleapis.com/v1/projects/hack-ohio-symptom-ai:testIamPermissions {"permissions":["firebase.projects.get"]}
[debug] [2025-10-25T15:38:37.149Z] <<< [apiv2][status] POST https://cloudresourcemanager.googleapis.com/v1/projects/hack-ohio-symptom-ai:testIamPermissions 200
[debug] [2025-10-25T15:38:37.149Z] <<< [apiv2][body] POST https://cloudresourcemanager.googleapis.com/v1/projects/hack-ohio-symptom-ai:testIamPermissions {"permissions":["firebase.projects.get"]}
[debug] [2025-10-25T15:38:37.150Z] Checked if tokens are valid: true, expires at: 1761410135167
[debug] [2025-10-25T15:38:37.150Z] Checked if tokens are valid: true, expires at: 1761410135167
[debug] [2025-10-25T15:38:37.150Z] Checked if tokens are valid: true, expires at: 1761410135167
[debug] [2025-10-25T15:38:37.150Z] Checked if tokens are valid: true, expires at: 1761410135167
[debug] [2025-10-25T15:38:37.151Z] >>> [apiv2][query] GET https://serviceusage.googleapis.com/v1/projects/hack-ohio-symptom-ai/services/cloudfunctions.googleapis.com [none]
[debug] [2025-10-25T15:38:37.151Z] >>> [apiv2][(partial)header] GET https://serviceusage.googleapis.com/v1/projects/hack-ohio-symptom-ai/services/cloudfunctions.googleapis.com x-goog-quota-user=projects/hack-ohio-symptom-ai
[debug] [2025-10-25T15:38:37.153Z] >>> [apiv2][query] GET https://serviceusage.googleapis.com/v1/projects/hack-ohio-symptom-ai/services/runtimeconfig.googleapis.com [none]
[debug] [2025-10-25T15:38:37.153Z] >>> [apiv2][(partial)header] GET https://serviceusage.googleapis.com/v1/projects/hack-ohio-symptom-ai/services/runtimeconfig.googleapis.com x-goog-quota-user=projects/hack-ohio-symptom-ai
[debug] [2025-10-25T15:38:37.428Z] <<< [apiv2][status] GET https://serviceusage.googleapis.com/v1/projects/hack-ohio-symptom-ai/services/runtimeconfig.googleapis.com 200
[debug] [2025-10-25T15:38:37.428Z] <<< [apiv2][body] GET https://serviceusage.googleapis.com/v1/projects/hack-ohio-symptom-ai/services/runtimeconfig.googleapis.com [omitted]
[debug] [2025-10-25T15:38:37.437Z] <<< [apiv2][status] GET https://serviceusage.googleapis.com/v1/projects/hack-ohio-symptom-ai/services/cloudfunctions.googleapis.com 200
[debug] [2025-10-25T15:38:37.437Z] <<< [apiv2][body] GET https://serviceusage.googleapis.com/v1/projects/hack-ohio-symptom-ai/services/cloudfunctions.googleapis.com [omitted]
[debug] [2025-10-25T15:38:37.437Z] Checked if tokens are valid: true, expires at: 1761410135167
[debug] [2025-10-25T15:38:37.437Z] Checked if tokens are valid: true, expires at: 1761410135167
[debug] [2025-10-25T15:38:37.437Z] >>> [apiv2][query] POST https://serviceusage.googleapis.com/v1/projects/hack-ohio-symptom-ai/services/cloudfunctions.googleapis.com:enable [none]
[debug] [2025-10-25T15:38:37.437Z] >>> [apiv2][(partial)header] POST https://serviceusage.googleapis.com/v1/projects/hack-ohio-symptom-ai/services/cloudfunctions.googleapis.com:enable x-goog-quota-user=projects/hack-ohio-symptom-ai
[debug] [2025-10-25T15:38:37.834Z] <<< [apiv2][status] POST https://serviceusage.googleapis.com/v1/projects/hack-ohio-symptom-ai/services/cloudfunctions.googleapis.com:enable 200
[debug] [2025-10-25T15:38:37.834Z] <<< [apiv2][body] POST https://serviceusage.googleapis.com/v1/projects/hack-ohio-symptom-ai/services/cloudfunctions.googleapis.com:enable [omitted]
[info] Let's create a new codebase for your functions.
[info] A directory corresponding to the codebase will be created in your project
[info] with sample code pre-configured.

[info] See https://firebase.google.com/docs/functions/organize-functions for
[info] more information on organizing your functions using codebases.

[info] Functions can be deployed with firebase deploy.

[info] +  Wrote functions/requirements.txt 
[info] +  Wrote functions/.gitignore 
[info] +  Wrote functions/main.py 
[debug] [2025-10-25T15:39:21.448Z] Running command with virtualenv: command="C:\Users\aayus\OneDrive\Documents\Symptom AI\Symptom-AI\functions\venv\Scripts\activate.bat", args=["","&&","pip3","install","--upgrade","pip"]
[debug] [2025-10-25T15:39:27.952Z] Error: spawn "C:\Users\aayus\OneDrive\Documents\Symptom AI\Symptom-AI\functions\venv\Scripts\activate.bat" ENOENT
    at notFoundError (C:\Users\aayus\AppData\Roaming\npm\node_modules\firebase-tools\node_modules\cross-spawn\lib\enoent.js:6:26)
    at verifyENOENT (C:\Users\aayus\AppData\Roaming\npm\node_modules\firebase-tools\node_modules\cross-spawn\lib\enoent.js:40:16)
    at cp.emit (C:\Users\aayus\AppData\Roaming\npm\node_modules\firebase-tools\node_modules\cross-spawn\lib\enoent.js:27:25)
    at ChildProcess._handle.onexit (node:internal/child_process:293:12)
    at Process.callbackTrampoline (node:internal/async_hooks:130:17)
[error] 
[error] Error: An unexpected error has occurred.
